   0  $accept : programa $end

   1  programa : definiciones defMain
   2           | defMain

   3  definiciones : definicion
   4               | definiciones definicion

   5  definicion : definicionVariable
   6             | definicionFuncion

   7  definicionVariable : idsCS ':' tipo ';'

   8  idsCS : ID
   9        | idsCS ',' ID

  10  $$1 :

  11  definicionFuncion : DEF ID $$1 '(' parametrosCSopt ')' ':' tipoRetorno '{' cuerpoFuncion '}'

  12  $$2 :

  13  defMain : DEF MAIN $$2 '(' ')' ':' VOID '{' cuerpoFuncion '}'

  14  parametrosCSopt :
  15                  | parametrosCS

  16  parametrosCS : parametro
  17               | parametrosCS ',' parametro

  18  parametro : ID ':' tipoSimple

  19  tipoRetorno : VOID
  20              | tipoSimple

  21  tipoSimple : INT
  22             | DOUBLE
  23             | CHAR

  24  tipo : tipoSimple
  25       | structura
  26       | '[' INT_CONSTANT ']' tipo

  27  structura : STRUCT '{' definicionesCamposOpt '}'

  28  definicionesCamposOpt :
  29                        | definicionesCampos

  30  definicionesCampos : definicionCampo
  31                     | definicionesCampos definicionCampo

  32  definicionCampo : idsCS ':' tipo ';'

  33  cuerpoFuncion : definicionesVariables sentenciasOpt
  34                | sentenciasOpt

  35  definicionesVariables : definicionVariable
  36                        | definicionesVariables definicionVariable

  37  sentenciasOpt :
  38                | sentencias

  39  sentencias : sentencia
  40             | sentencias sentencia

  41  sentencia : WRITE expresionesCS ';'
  42            | READ expresionesCS ';'
  43            | expression '=' expression ';'
  44            | RETURN expression ';'
  45            | ID '(' expresionesCSOpt ')' ';'
  46            | ifElse
  47            | while

  48  ifElse : IF expression ':' cuerpoCondicional
  49         | IF expression ':' cuerpoCondicional ELSE cuerpoCondicional

  50  while : WHILE expression ':' cuerpoCondicional

  51  cuerpoCondicional : sentencia
  52                    | '{' sentenciasOpt '}'

  53  expresionesCSOpt :
  54                   | expresionesCS

  55  expresionesCS : expression
  56                | expresionesCS ',' expression

  57  expression : INT_CONSTANT
  58             | REAL_CONSTANT
  59             | CHAR_CONSTANT
  60             | ID
  61             | ID '(' expresionesCSOpt ')'
  62             | '(' expression ')'
  63             | expression '[' expression ']'
  64             | '(' tipoSimple ')' expression
  65             | '-' expression
  66             | '!' expression
  67             | expression '.' ID
  68             | expression '*' expression
  69             | expression '+' expression
  70             | expression '%' expression
  71             | expression '/' expression
  72             | expression '-' expression
  73             | expression '>' expression
  74             | expression '<' expression
  75             | expression LESS_EQUALS expression
  76             | expression GREATER_EQUALS expression
  77             | expression EQUALS expression
  78             | expression DISTINCT expression
  79             | expression OR expression
  80             | expression AND expression

state 0
	$accept : . programa $end  (0)

	ID  shift 1
	DEF  shift 2
	.  error

	programa  goto 3
	definiciones  goto 4
	defMain  goto 5
	definicion  goto 6
	definicionVariable  goto 7
	definicionFuncion  goto 8
	idsCS  goto 9


state 1
	idsCS : ID .  (8)

	.  reduce 8


state 2
	definicionFuncion : DEF . ID $$1 '(' parametrosCSopt ')' ':' tipoRetorno '{' cuerpoFuncion '}'  (11)
	defMain : DEF . MAIN $$2 '(' ')' ':' VOID '{' cuerpoFuncion '}'  (13)

	ID  shift 10
	MAIN  shift 11
	.  error


state 3
	$accept : programa . $end  (0)

	$end  accept


state 4
	programa : definiciones . defMain  (1)
	definiciones : definiciones . definicion  (4)

	ID  shift 1
	DEF  shift 2
	.  error

	defMain  goto 12
	definicion  goto 13
	definicionVariable  goto 7
	definicionFuncion  goto 8
	idsCS  goto 9


state 5
	programa : defMain .  (2)

	.  reduce 2


state 6
	definiciones : definicion .  (3)

	.  reduce 3


state 7
	definicion : definicionVariable .  (5)

	.  reduce 5


state 8
	definicion : definicionFuncion .  (6)

	.  reduce 6


state 9
	definicionVariable : idsCS . ':' tipo ';'  (7)
	idsCS : idsCS . ',' ID  (9)

	':'  shift 14
	','  shift 15
	.  error


state 10
	definicionFuncion : DEF ID . $$1 '(' parametrosCSopt ')' ':' tipoRetorno '{' cuerpoFuncion '}'  (11)
	$$1 : .  (10)

	.  reduce 10

	$$1  goto 16


state 11
	defMain : DEF MAIN . $$2 '(' ')' ':' VOID '{' cuerpoFuncion '}'  (13)
	$$2 : .  (12)

	.  reduce 12

	$$2  goto 17


state 12
	programa : definiciones defMain .  (1)

	.  reduce 1


state 13
	definiciones : definiciones definicion .  (4)

	.  reduce 4


state 14
	definicionVariable : idsCS ':' . tipo ';'  (7)

	'['  shift 18
	INT  shift 19
	DOUBLE  shift 20
	CHAR  shift 21
	STRUCT  shift 22
	.  error

	tipo  goto 23
	tipoSimple  goto 24
	structura  goto 25


state 15
	idsCS : idsCS ',' . ID  (9)

	ID  shift 26
	.  error


state 16
	definicionFuncion : DEF ID $$1 . '(' parametrosCSopt ')' ':' tipoRetorno '{' cuerpoFuncion '}'  (11)

	'('  shift 27
	.  error


state 17
	defMain : DEF MAIN $$2 . '(' ')' ':' VOID '{' cuerpoFuncion '}'  (13)

	'('  shift 28
	.  error


state 18
	tipo : '[' . INT_CONSTANT ']' tipo  (26)

	INT_CONSTANT  shift 29
	.  error


state 19
	tipoSimple : INT .  (21)

	.  reduce 21


state 20
	tipoSimple : DOUBLE .  (22)

	.  reduce 22


state 21
	tipoSimple : CHAR .  (23)

	.  reduce 23


state 22
	structura : STRUCT . '{' definicionesCamposOpt '}'  (27)

	'{'  shift 30
	.  error


state 23
	definicionVariable : idsCS ':' tipo . ';'  (7)

	';'  shift 31
	.  error


state 24
	tipo : tipoSimple .  (24)

	.  reduce 24


state 25
	tipo : structura .  (25)

	.  reduce 25


state 26
	idsCS : idsCS ',' ID .  (9)

	.  reduce 9


state 27
	definicionFuncion : DEF ID $$1 '(' . parametrosCSopt ')' ':' tipoRetorno '{' cuerpoFuncion '}'  (11)
	parametrosCSopt : .  (14)

	ID  shift 32
	')'  reduce 14

	parametrosCSopt  goto 33
	parametrosCS  goto 34
	parametro  goto 35


state 28
	defMain : DEF MAIN $$2 '(' . ')' ':' VOID '{' cuerpoFuncion '}'  (13)

	')'  shift 36
	.  error


state 29
	tipo : '[' INT_CONSTANT . ']' tipo  (26)

	']'  shift 37
	.  error


state 30
	structura : STRUCT '{' . definicionesCamposOpt '}'  (27)
	definicionesCamposOpt : .  (28)

	ID  shift 1
	'}'  reduce 28

	idsCS  goto 38
	definicionesCamposOpt  goto 39
	definicionesCampos  goto 40
	definicionCampo  goto 41


state 31
	definicionVariable : idsCS ':' tipo ';' .  (7)

	.  reduce 7


state 32
	parametro : ID . ':' tipoSimple  (18)

	':'  shift 42
	.  error


state 33
	definicionFuncion : DEF ID $$1 '(' parametrosCSopt . ')' ':' tipoRetorno '{' cuerpoFuncion '}'  (11)

	')'  shift 43
	.  error


state 34
	parametrosCSopt : parametrosCS .  (15)
	parametrosCS : parametrosCS . ',' parametro  (17)

	','  shift 44
	')'  reduce 15


state 35
	parametrosCS : parametro .  (16)

	.  reduce 16


state 36
	defMain : DEF MAIN $$2 '(' ')' . ':' VOID '{' cuerpoFuncion '}'  (13)

	':'  shift 45
	.  error


state 37
	tipo : '[' INT_CONSTANT ']' . tipo  (26)

	'['  shift 18
	INT  shift 19
	DOUBLE  shift 20
	CHAR  shift 21
	STRUCT  shift 22
	.  error

	tipo  goto 46
	tipoSimple  goto 24
	structura  goto 25


state 38
	idsCS : idsCS . ',' ID  (9)
	definicionCampo : idsCS . ':' tipo ';'  (32)

	':'  shift 47
	','  shift 15
	.  error


state 39
	structura : STRUCT '{' definicionesCamposOpt . '}'  (27)

	'}'  shift 48
	.  error


state 40
	definicionesCamposOpt : definicionesCampos .  (29)
	definicionesCampos : definicionesCampos . definicionCampo  (31)

	ID  shift 1
	'}'  reduce 29

	idsCS  goto 38
	definicionCampo  goto 49


state 41
	definicionesCampos : definicionCampo .  (30)

	.  reduce 30


state 42
	parametro : ID ':' . tipoSimple  (18)

	INT  shift 19
	DOUBLE  shift 20
	CHAR  shift 21
	.  error

	tipoSimple  goto 50


state 43
	definicionFuncion : DEF ID $$1 '(' parametrosCSopt ')' . ':' tipoRetorno '{' cuerpoFuncion '}'  (11)

	':'  shift 51
	.  error


state 44
	parametrosCS : parametrosCS ',' . parametro  (17)

	ID  shift 32
	.  error

	parametro  goto 52


state 45
	defMain : DEF MAIN $$2 '(' ')' ':' . VOID '{' cuerpoFuncion '}'  (13)

	VOID  shift 53
	.  error


state 46
	tipo : '[' INT_CONSTANT ']' tipo .  (26)

	.  reduce 26


state 47
	definicionCampo : idsCS ':' . tipo ';'  (32)

	'['  shift 18
	INT  shift 19
	DOUBLE  shift 20
	CHAR  shift 21
	STRUCT  shift 22
	.  error

	tipo  goto 54
	tipoSimple  goto 24
	structura  goto 25


state 48
	structura : STRUCT '{' definicionesCamposOpt '}' .  (27)

	.  reduce 27


state 49
	definicionesCampos : definicionesCampos definicionCampo .  (31)

	.  reduce 31


state 50
	parametro : ID ':' tipoSimple .  (18)

	.  reduce 18


state 51
	definicionFuncion : DEF ID $$1 '(' parametrosCSopt ')' ':' . tipoRetorno '{' cuerpoFuncion '}'  (11)

	INT  shift 19
	DOUBLE  shift 20
	CHAR  shift 21
	VOID  shift 55
	.  error

	tipoRetorno  goto 56
	tipoSimple  goto 57


state 52
	parametrosCS : parametrosCS ',' parametro .  (17)

	.  reduce 17


state 53
	defMain : DEF MAIN $$2 '(' ')' ':' VOID . '{' cuerpoFuncion '}'  (13)

	'{'  shift 58
	.  error


state 54
	definicionCampo : idsCS ':' tipo . ';'  (32)

	';'  shift 59
	.  error


state 55
	tipoRetorno : VOID .  (19)

	.  reduce 19


state 56
	definicionFuncion : DEF ID $$1 '(' parametrosCSopt ')' ':' tipoRetorno . '{' cuerpoFuncion '}'  (11)

	'{'  shift 60
	.  error


state 57
	tipoRetorno : tipoSimple .  (20)

	.  reduce 20


state 58
	defMain : DEF MAIN $$2 '(' ')' ':' VOID '{' . cuerpoFuncion '}'  (13)
	sentenciasOpt : .  (37)

	'-'  shift 61
	'!'  shift 62
	'('  shift 63
	INT_CONSTANT  shift 64
	ID  shift 65
	REAL_CONSTANT  shift 66
	CHAR_CONSTANT  shift 67
	IF  shift 68
	WRITE  shift 69
	READ  shift 70
	RETURN  shift 71
	WHILE  shift 72
	'}'  reduce 37

	definicionVariable  goto 73
	idsCS  goto 9
	cuerpoFuncion  goto 74
	definicionesVariables  goto 75
	sentenciasOpt  goto 76
	sentencias  goto 77
	sentencia  goto 78
	expression  goto 79
	ifElse  goto 80
	while  goto 81


state 59
	definicionCampo : idsCS ':' tipo ';' .  (32)

	.  reduce 32


state 60
	definicionFuncion : DEF ID $$1 '(' parametrosCSopt ')' ':' tipoRetorno '{' . cuerpoFuncion '}'  (11)
	sentenciasOpt : .  (37)

	'-'  shift 61
	'!'  shift 62
	'('  shift 63
	INT_CONSTANT  shift 64
	ID  shift 65
	REAL_CONSTANT  shift 66
	CHAR_CONSTANT  shift 67
	IF  shift 68
	WRITE  shift 69
	READ  shift 70
	RETURN  shift 71
	WHILE  shift 72
	'}'  reduce 37

	definicionVariable  goto 73
	idsCS  goto 9
	cuerpoFuncion  goto 82
	definicionesVariables  goto 75
	sentenciasOpt  goto 76
	sentencias  goto 77
	sentencia  goto 78
	expression  goto 79
	ifElse  goto 80
	while  goto 81


state 61
	expression : '-' . expression  (65)

	'-'  shift 61
	'!'  shift 62
	'('  shift 63
	INT_CONSTANT  shift 64
	ID  shift 83
	REAL_CONSTANT  shift 66
	CHAR_CONSTANT  shift 67
	.  error

	expression  goto 84


state 62
	expression : '!' . expression  (66)

	'-'  shift 61
	'!'  shift 62
	'('  shift 63
	INT_CONSTANT  shift 64
	ID  shift 83
	REAL_CONSTANT  shift 66
	CHAR_CONSTANT  shift 67
	.  error

	expression  goto 85


state 63
	expression : '(' . expression ')'  (62)
	expression : '(' . tipoSimple ')' expression  (64)

	'-'  shift 61
	'!'  shift 62
	'('  shift 63
	INT_CONSTANT  shift 64
	ID  shift 83
	REAL_CONSTANT  shift 66
	CHAR_CONSTANT  shift 67
	INT  shift 19
	DOUBLE  shift 20
	CHAR  shift 21
	.  error

	tipoSimple  goto 86
	expression  goto 87


state 64
	expression : INT_CONSTANT .  (57)

	.  reduce 57


state 65
	idsCS : ID .  (8)
	sentencia : ID . '(' expresionesCSOpt ')' ';'  (45)
	expression : ID .  (60)
	expression : ID . '(' expresionesCSOpt ')'  (61)

	'('  shift 88
	'='  reduce 60
	AND  reduce 60
	OR  reduce 60
	'>'  reduce 60
	'<'  reduce 60
	LESS_EQUALS  reduce 60
	GREATER_EQUALS  reduce 60
	EQUALS  reduce 60
	DISTINCT  reduce 60
	'+'  reduce 60
	'-'  reduce 60
	'*'  reduce 60
	'/'  reduce 60
	'%'  reduce 60
	'.'  reduce 60
	'['  reduce 60
	':'  reduce 8
	','  reduce 8


state 66
	expression : REAL_CONSTANT .  (58)

	.  reduce 58


state 67
	expression : CHAR_CONSTANT .  (59)

	.  reduce 59


state 68
	ifElse : IF . expression ':' cuerpoCondicional  (48)
	ifElse : IF . expression ':' cuerpoCondicional ELSE cuerpoCondicional  (49)

	'-'  shift 61
	'!'  shift 62
	'('  shift 63
	INT_CONSTANT  shift 64
	ID  shift 83
	REAL_CONSTANT  shift 66
	CHAR_CONSTANT  shift 67
	.  error

	expression  goto 89


state 69
	sentencia : WRITE . expresionesCS ';'  (41)

	'-'  shift 61
	'!'  shift 62
	'('  shift 63
	INT_CONSTANT  shift 64
	ID  shift 83
	REAL_CONSTANT  shift 66
	CHAR_CONSTANT  shift 67
	.  error

	expresionesCS  goto 90
	expression  goto 91


state 70
	sentencia : READ . expresionesCS ';'  (42)

	'-'  shift 61
	'!'  shift 62
	'('  shift 63
	INT_CONSTANT  shift 64
	ID  shift 83
	REAL_CONSTANT  shift 66
	CHAR_CONSTANT  shift 67
	.  error

	expresionesCS  goto 92
	expression  goto 91


state 71
	sentencia : RETURN . expression ';'  (44)

	'-'  shift 61
	'!'  shift 62
	'('  shift 63
	INT_CONSTANT  shift 64
	ID  shift 83
	REAL_CONSTANT  shift 66
	CHAR_CONSTANT  shift 67
	.  error

	expression  goto 93


state 72
	while : WHILE . expression ':' cuerpoCondicional  (50)

	'-'  shift 61
	'!'  shift 62
	'('  shift 63
	INT_CONSTANT  shift 64
	ID  shift 83
	REAL_CONSTANT  shift 66
	CHAR_CONSTANT  shift 67
	.  error

	expression  goto 94


state 73
	definicionesVariables : definicionVariable .  (35)

	.  reduce 35


state 74
	defMain : DEF MAIN $$2 '(' ')' ':' VOID '{' cuerpoFuncion . '}'  (13)

	'}'  shift 95
	.  error


state 75
	cuerpoFuncion : definicionesVariables . sentenciasOpt  (33)
	definicionesVariables : definicionesVariables . definicionVariable  (36)
	sentenciasOpt : .  (37)

	'-'  shift 61
	'!'  shift 62
	'('  shift 63
	INT_CONSTANT  shift 64
	ID  shift 65
	REAL_CONSTANT  shift 66
	CHAR_CONSTANT  shift 67
	IF  shift 68
	WRITE  shift 69
	READ  shift 70
	RETURN  shift 71
	WHILE  shift 72
	'}'  reduce 37

	definicionVariable  goto 96
	idsCS  goto 9
	sentenciasOpt  goto 97
	sentencias  goto 77
	sentencia  goto 78
	expression  goto 79
	ifElse  goto 80
	while  goto 81


state 76
	cuerpoFuncion : sentenciasOpt .  (34)

	.  reduce 34


state 77
	sentenciasOpt : sentencias .  (38)
	sentencias : sentencias . sentencia  (40)

	'-'  shift 61
	'!'  shift 62
	'('  shift 63
	INT_CONSTANT  shift 64
	ID  shift 98
	REAL_CONSTANT  shift 66
	CHAR_CONSTANT  shift 67
	IF  shift 68
	WRITE  shift 69
	READ  shift 70
	RETURN  shift 71
	WHILE  shift 72
	'}'  reduce 38

	sentencia  goto 99
	expression  goto 79
	ifElse  goto 80
	while  goto 81


state 78
	sentencias : sentencia .  (39)

	.  reduce 39


state 79
	sentencia : expression . '=' expression ';'  (43)
	expression : expression . '[' expression ']'  (63)
	expression : expression . '.' ID  (67)
	expression : expression . '*' expression  (68)
	expression : expression . '+' expression  (69)
	expression : expression . '%' expression  (70)
	expression : expression . '/' expression  (71)
	expression : expression . '-' expression  (72)
	expression : expression . '>' expression  (73)
	expression : expression . '<' expression  (74)
	expression : expression . LESS_EQUALS expression  (75)
	expression : expression . GREATER_EQUALS expression  (76)
	expression : expression . EQUALS expression  (77)
	expression : expression . DISTINCT expression  (78)
	expression : expression . OR expression  (79)
	expression : expression . AND expression  (80)

	'='  shift 100
	AND  shift 101
	OR  shift 102
	'>'  shift 103
	'<'  shift 104
	LESS_EQUALS  shift 105
	GREATER_EQUALS  shift 106
	EQUALS  shift 107
	DISTINCT  shift 108
	'+'  shift 109
	'-'  shift 110
	'*'  shift 111
	'/'  shift 112
	'%'  shift 113
	'.'  shift 114
	'['  shift 115
	.  error


state 80
	sentencia : ifElse .  (46)

	.  reduce 46


state 81
	sentencia : while .  (47)

	.  reduce 47


state 82
	definicionFuncion : DEF ID $$1 '(' parametrosCSopt ')' ':' tipoRetorno '{' cuerpoFuncion . '}'  (11)

	'}'  shift 116
	.  error


state 83
	expression : ID .  (60)
	expression : ID . '(' expresionesCSOpt ')'  (61)

	'('  shift 117
	'='  reduce 60
	AND  reduce 60
	OR  reduce 60
	'>'  reduce 60
	'<'  reduce 60
	LESS_EQUALS  reduce 60
	GREATER_EQUALS  reduce 60
	EQUALS  reduce 60
	DISTINCT  reduce 60
	'+'  reduce 60
	'-'  reduce 60
	'*'  reduce 60
	'/'  reduce 60
	'%'  reduce 60
	'.'  reduce 60
	'['  reduce 60
	']'  reduce 60
	')'  reduce 60
	':'  reduce 60
	';'  reduce 60
	','  reduce 60


state 84
	expression : expression . '[' expression ']'  (63)
	expression : '-' expression .  (65)
	expression : expression . '.' ID  (67)
	expression : expression . '*' expression  (68)
	expression : expression . '+' expression  (69)
	expression : expression . '%' expression  (70)
	expression : expression . '/' expression  (71)
	expression : expression . '-' expression  (72)
	expression : expression . '>' expression  (73)
	expression : expression . '<' expression  (74)
	expression : expression . LESS_EQUALS expression  (75)
	expression : expression . GREATER_EQUALS expression  (76)
	expression : expression . EQUALS expression  (77)
	expression : expression . DISTINCT expression  (78)
	expression : expression . OR expression  (79)
	expression : expression . AND expression  (80)

	'.'  shift 114
	'['  shift 115
	'='  reduce 65
	AND  reduce 65
	OR  reduce 65
	'>'  reduce 65
	'<'  reduce 65
	LESS_EQUALS  reduce 65
	GREATER_EQUALS  reduce 65
	EQUALS  reduce 65
	DISTINCT  reduce 65
	'+'  reduce 65
	'-'  reduce 65
	'*'  reduce 65
	'/'  reduce 65
	'%'  reduce 65
	']'  reduce 65
	')'  reduce 65
	':'  reduce 65
	';'  reduce 65
	','  reduce 65


state 85
	expression : expression . '[' expression ']'  (63)
	expression : '!' expression .  (66)
	expression : expression . '.' ID  (67)
	expression : expression . '*' expression  (68)
	expression : expression . '+' expression  (69)
	expression : expression . '%' expression  (70)
	expression : expression . '/' expression  (71)
	expression : expression . '-' expression  (72)
	expression : expression . '>' expression  (73)
	expression : expression . '<' expression  (74)
	expression : expression . LESS_EQUALS expression  (75)
	expression : expression . GREATER_EQUALS expression  (76)
	expression : expression . EQUALS expression  (77)
	expression : expression . DISTINCT expression  (78)
	expression : expression . OR expression  (79)
	expression : expression . AND expression  (80)

	'.'  shift 114
	'['  shift 115
	'='  reduce 66
	AND  reduce 66
	OR  reduce 66
	'>'  reduce 66
	'<'  reduce 66
	LESS_EQUALS  reduce 66
	GREATER_EQUALS  reduce 66
	EQUALS  reduce 66
	DISTINCT  reduce 66
	'+'  reduce 66
	'-'  reduce 66
	'*'  reduce 66
	'/'  reduce 66
	'%'  reduce 66
	']'  reduce 66
	')'  reduce 66
	':'  reduce 66
	';'  reduce 66
	','  reduce 66


state 86
	expression : '(' tipoSimple . ')' expression  (64)

	')'  shift 118
	.  error


state 87
	expression : '(' expression . ')'  (62)
	expression : expression . '[' expression ']'  (63)
	expression : expression . '.' ID  (67)
	expression : expression . '*' expression  (68)
	expression : expression . '+' expression  (69)
	expression : expression . '%' expression  (70)
	expression : expression . '/' expression  (71)
	expression : expression . '-' expression  (72)
	expression : expression . '>' expression  (73)
	expression : expression . '<' expression  (74)
	expression : expression . LESS_EQUALS expression  (75)
	expression : expression . GREATER_EQUALS expression  (76)
	expression : expression . EQUALS expression  (77)
	expression : expression . DISTINCT expression  (78)
	expression : expression . OR expression  (79)
	expression : expression . AND expression  (80)

	AND  shift 101
	OR  shift 102
	'>'  shift 103
	'<'  shift 104
	LESS_EQUALS  shift 105
	GREATER_EQUALS  shift 106
	EQUALS  shift 107
	DISTINCT  shift 108
	'+'  shift 109
	'-'  shift 110
	'*'  shift 111
	'/'  shift 112
	'%'  shift 113
	'.'  shift 114
	'['  shift 115
	')'  shift 119
	.  error


state 88
	sentencia : ID '(' . expresionesCSOpt ')' ';'  (45)
	expression : ID '(' . expresionesCSOpt ')'  (61)
	expresionesCSOpt : .  (53)

	'-'  shift 61
	'!'  shift 62
	'('  shift 63
	INT_CONSTANT  shift 64
	ID  shift 83
	REAL_CONSTANT  shift 66
	CHAR_CONSTANT  shift 67
	')'  reduce 53

	expresionesCS  goto 120
	expression  goto 91
	expresionesCSOpt  goto 121


state 89
	ifElse : IF expression . ':' cuerpoCondicional  (48)
	ifElse : IF expression . ':' cuerpoCondicional ELSE cuerpoCondicional  (49)
	expression : expression . '[' expression ']'  (63)
	expression : expression . '.' ID  (67)
	expression : expression . '*' expression  (68)
	expression : expression . '+' expression  (69)
	expression : expression . '%' expression  (70)
	expression : expression . '/' expression  (71)
	expression : expression . '-' expression  (72)
	expression : expression . '>' expression  (73)
	expression : expression . '<' expression  (74)
	expression : expression . LESS_EQUALS expression  (75)
	expression : expression . GREATER_EQUALS expression  (76)
	expression : expression . EQUALS expression  (77)
	expression : expression . DISTINCT expression  (78)
	expression : expression . OR expression  (79)
	expression : expression . AND expression  (80)

	AND  shift 101
	OR  shift 102
	'>'  shift 103
	'<'  shift 104
	LESS_EQUALS  shift 105
	GREATER_EQUALS  shift 106
	EQUALS  shift 107
	DISTINCT  shift 108
	'+'  shift 109
	'-'  shift 110
	'*'  shift 111
	'/'  shift 112
	'%'  shift 113
	'.'  shift 114
	'['  shift 115
	':'  shift 122
	.  error


state 90
	sentencia : WRITE expresionesCS . ';'  (41)
	expresionesCS : expresionesCS . ',' expression  (56)

	';'  shift 123
	','  shift 124
	.  error


state 91
	expresionesCS : expression .  (55)
	expression : expression . '[' expression ']'  (63)
	expression : expression . '.' ID  (67)
	expression : expression . '*' expression  (68)
	expression : expression . '+' expression  (69)
	expression : expression . '%' expression  (70)
	expression : expression . '/' expression  (71)
	expression : expression . '-' expression  (72)
	expression : expression . '>' expression  (73)
	expression : expression . '<' expression  (74)
	expression : expression . LESS_EQUALS expression  (75)
	expression : expression . GREATER_EQUALS expression  (76)
	expression : expression . EQUALS expression  (77)
	expression : expression . DISTINCT expression  (78)
	expression : expression . OR expression  (79)
	expression : expression . AND expression  (80)

	AND  shift 101
	OR  shift 102
	'>'  shift 103
	'<'  shift 104
	LESS_EQUALS  shift 105
	GREATER_EQUALS  shift 106
	EQUALS  shift 107
	DISTINCT  shift 108
	'+'  shift 109
	'-'  shift 110
	'*'  shift 111
	'/'  shift 112
	'%'  shift 113
	'.'  shift 114
	'['  shift 115
	')'  reduce 55
	';'  reduce 55
	','  reduce 55


state 92
	sentencia : READ expresionesCS . ';'  (42)
	expresionesCS : expresionesCS . ',' expression  (56)

	';'  shift 125
	','  shift 124
	.  error


state 93
	sentencia : RETURN expression . ';'  (44)
	expression : expression . '[' expression ']'  (63)
	expression : expression . '.' ID  (67)
	expression : expression . '*' expression  (68)
	expression : expression . '+' expression  (69)
	expression : expression . '%' expression  (70)
	expression : expression . '/' expression  (71)
	expression : expression . '-' expression  (72)
	expression : expression . '>' expression  (73)
	expression : expression . '<' expression  (74)
	expression : expression . LESS_EQUALS expression  (75)
	expression : expression . GREATER_EQUALS expression  (76)
	expression : expression . EQUALS expression  (77)
	expression : expression . DISTINCT expression  (78)
	expression : expression . OR expression  (79)
	expression : expression . AND expression  (80)

	AND  shift 101
	OR  shift 102
	'>'  shift 103
	'<'  shift 104
	LESS_EQUALS  shift 105
	GREATER_EQUALS  shift 106
	EQUALS  shift 107
	DISTINCT  shift 108
	'+'  shift 109
	'-'  shift 110
	'*'  shift 111
	'/'  shift 112
	'%'  shift 113
	'.'  shift 114
	'['  shift 115
	';'  shift 126
	.  error


state 94
	while : WHILE expression . ':' cuerpoCondicional  (50)
	expression : expression . '[' expression ']'  (63)
	expression : expression . '.' ID  (67)
	expression : expression . '*' expression  (68)
	expression : expression . '+' expression  (69)
	expression : expression . '%' expression  (70)
	expression : expression . '/' expression  (71)
	expression : expression . '-' expression  (72)
	expression : expression . '>' expression  (73)
	expression : expression . '<' expression  (74)
	expression : expression . LESS_EQUALS expression  (75)
	expression : expression . GREATER_EQUALS expression  (76)
	expression : expression . EQUALS expression  (77)
	expression : expression . DISTINCT expression  (78)
	expression : expression . OR expression  (79)
	expression : expression . AND expression  (80)

	AND  shift 101
	OR  shift 102
	'>'  shift 103
	'<'  shift 104
	LESS_EQUALS  shift 105
	GREATER_EQUALS  shift 106
	EQUALS  shift 107
	DISTINCT  shift 108
	'+'  shift 109
	'-'  shift 110
	'*'  shift 111
	'/'  shift 112
	'%'  shift 113
	'.'  shift 114
	'['  shift 115
	':'  shift 127
	.  error


state 95
	defMain : DEF MAIN $$2 '(' ')' ':' VOID '{' cuerpoFuncion '}' .  (13)

	.  reduce 13


state 96
	definicionesVariables : definicionesVariables definicionVariable .  (36)

	.  reduce 36


state 97
	cuerpoFuncion : definicionesVariables sentenciasOpt .  (33)

	.  reduce 33


state 98
	sentencia : ID . '(' expresionesCSOpt ')' ';'  (45)
	expression : ID .  (60)
	expression : ID . '(' expresionesCSOpt ')'  (61)

	'('  shift 88
	'='  reduce 60
	AND  reduce 60
	OR  reduce 60
	'>'  reduce 60
	'<'  reduce 60
	LESS_EQUALS  reduce 60
	GREATER_EQUALS  reduce 60
	EQUALS  reduce 60
	DISTINCT  reduce 60
	'+'  reduce 60
	'-'  reduce 60
	'*'  reduce 60
	'/'  reduce 60
	'%'  reduce 60
	'.'  reduce 60
	'['  reduce 60


state 99
	sentencias : sentencias sentencia .  (40)

	.  reduce 40


state 100
	sentencia : expression '=' . expression ';'  (43)

	'-'  shift 61
	'!'  shift 62
	'('  shift 63
	INT_CONSTANT  shift 64
	ID  shift 83
	REAL_CONSTANT  shift 66
	CHAR_CONSTANT  shift 67
	.  error

	expression  goto 128


state 101
	expression : expression AND . expression  (80)

	'-'  shift 61
	'!'  shift 62
	'('  shift 63
	INT_CONSTANT  shift 64
	ID  shift 83
	REAL_CONSTANT  shift 66
	CHAR_CONSTANT  shift 67
	.  error

	expression  goto 129


state 102
	expression : expression OR . expression  (79)

	'-'  shift 61
	'!'  shift 62
	'('  shift 63
	INT_CONSTANT  shift 64
	ID  shift 83
	REAL_CONSTANT  shift 66
	CHAR_CONSTANT  shift 67
	.  error

	expression  goto 130


state 103
	expression : expression '>' . expression  (73)

	'-'  shift 61
	'!'  shift 62
	'('  shift 63
	INT_CONSTANT  shift 64
	ID  shift 83
	REAL_CONSTANT  shift 66
	CHAR_CONSTANT  shift 67
	.  error

	expression  goto 131


state 104
	expression : expression '<' . expression  (74)

	'-'  shift 61
	'!'  shift 62
	'('  shift 63
	INT_CONSTANT  shift 64
	ID  shift 83
	REAL_CONSTANT  shift 66
	CHAR_CONSTANT  shift 67
	.  error

	expression  goto 132


state 105
	expression : expression LESS_EQUALS . expression  (75)

	'-'  shift 61
	'!'  shift 62
	'('  shift 63
	INT_CONSTANT  shift 64
	ID  shift 83
	REAL_CONSTANT  shift 66
	CHAR_CONSTANT  shift 67
	.  error

	expression  goto 133


state 106
	expression : expression GREATER_EQUALS . expression  (76)

	'-'  shift 61
	'!'  shift 62
	'('  shift 63
	INT_CONSTANT  shift 64
	ID  shift 83
	REAL_CONSTANT  shift 66
	CHAR_CONSTANT  shift 67
	.  error

	expression  goto 134


state 107
	expression : expression EQUALS . expression  (77)

	'-'  shift 61
	'!'  shift 62
	'('  shift 63
	INT_CONSTANT  shift 64
	ID  shift 83
	REAL_CONSTANT  shift 66
	CHAR_CONSTANT  shift 67
	.  error

	expression  goto 135


state 108
	expression : expression DISTINCT . expression  (78)

	'-'  shift 61
	'!'  shift 62
	'('  shift 63
	INT_CONSTANT  shift 64
	ID  shift 83
	REAL_CONSTANT  shift 66
	CHAR_CONSTANT  shift 67
	.  error

	expression  goto 136


state 109
	expression : expression '+' . expression  (69)

	'-'  shift 61
	'!'  shift 62
	'('  shift 63
	INT_CONSTANT  shift 64
	ID  shift 83
	REAL_CONSTANT  shift 66
	CHAR_CONSTANT  shift 67
	.  error

	expression  goto 137


state 110
	expression : expression '-' . expression  (72)

	'-'  shift 61
	'!'  shift 62
	'('  shift 63
	INT_CONSTANT  shift 64
	ID  shift 83
	REAL_CONSTANT  shift 66
	CHAR_CONSTANT  shift 67
	.  error

	expression  goto 138


state 111
	expression : expression '*' . expression  (68)

	'-'  shift 61
	'!'  shift 62
	'('  shift 63
	INT_CONSTANT  shift 64
	ID  shift 83
	REAL_CONSTANT  shift 66
	CHAR_CONSTANT  shift 67
	.  error

	expression  goto 139


state 112
	expression : expression '/' . expression  (71)

	'-'  shift 61
	'!'  shift 62
	'('  shift 63
	INT_CONSTANT  shift 64
	ID  shift 83
	REAL_CONSTANT  shift 66
	CHAR_CONSTANT  shift 67
	.  error

	expression  goto 140


state 113
	expression : expression '%' . expression  (70)

	'-'  shift 61
	'!'  shift 62
	'('  shift 63
	INT_CONSTANT  shift 64
	ID  shift 83
	REAL_CONSTANT  shift 66
	CHAR_CONSTANT  shift 67
	.  error

	expression  goto 141


state 114
	expression : expression '.' . ID  (67)

	ID  shift 142
	.  error


state 115
	expression : expression '[' . expression ']'  (63)

	'-'  shift 61
	'!'  shift 62
	'('  shift 63
	INT_CONSTANT  shift 64
	ID  shift 83
	REAL_CONSTANT  shift 66
	CHAR_CONSTANT  shift 67
	.  error

	expression  goto 143


state 116
	definicionFuncion : DEF ID $$1 '(' parametrosCSopt ')' ':' tipoRetorno '{' cuerpoFuncion '}' .  (11)

	.  reduce 11


state 117
	expression : ID '(' . expresionesCSOpt ')'  (61)
	expresionesCSOpt : .  (53)

	'-'  shift 61
	'!'  shift 62
	'('  shift 63
	INT_CONSTANT  shift 64
	ID  shift 83
	REAL_CONSTANT  shift 66
	CHAR_CONSTANT  shift 67
	')'  reduce 53

	expresionesCS  goto 120
	expression  goto 91
	expresionesCSOpt  goto 144


state 118
	expression : '(' tipoSimple ')' . expression  (64)

	'-'  shift 61
	'!'  shift 62
	'('  shift 63
	INT_CONSTANT  shift 64
	ID  shift 83
	REAL_CONSTANT  shift 66
	CHAR_CONSTANT  shift 67
	.  error

	expression  goto 145


state 119
	expression : '(' expression ')' .  (62)

	.  reduce 62


state 120
	expresionesCSOpt : expresionesCS .  (54)
	expresionesCS : expresionesCS . ',' expression  (56)

	','  shift 124
	')'  reduce 54


state 121
	sentencia : ID '(' expresionesCSOpt . ')' ';'  (45)
	expression : ID '(' expresionesCSOpt . ')'  (61)

	')'  shift 146
	.  error


state 122
	ifElse : IF expression ':' . cuerpoCondicional  (48)
	ifElse : IF expression ':' . cuerpoCondicional ELSE cuerpoCondicional  (49)

	'-'  shift 61
	'!'  shift 62
	'('  shift 63
	INT_CONSTANT  shift 64
	ID  shift 98
	REAL_CONSTANT  shift 66
	CHAR_CONSTANT  shift 67
	IF  shift 68
	WRITE  shift 69
	READ  shift 70
	RETURN  shift 71
	WHILE  shift 72
	'{'  shift 147
	.  error

	sentencia  goto 148
	expression  goto 79
	ifElse  goto 80
	while  goto 81
	cuerpoCondicional  goto 149


state 123
	sentencia : WRITE expresionesCS ';' .  (41)

	.  reduce 41


state 124
	expresionesCS : expresionesCS ',' . expression  (56)

	'-'  shift 61
	'!'  shift 62
	'('  shift 63
	INT_CONSTANT  shift 64
	ID  shift 83
	REAL_CONSTANT  shift 66
	CHAR_CONSTANT  shift 67
	.  error

	expression  goto 150


state 125
	sentencia : READ expresionesCS ';' .  (42)

	.  reduce 42


state 126
	sentencia : RETURN expression ';' .  (44)

	.  reduce 44


state 127
	while : WHILE expression ':' . cuerpoCondicional  (50)

	'-'  shift 61
	'!'  shift 62
	'('  shift 63
	INT_CONSTANT  shift 64
	ID  shift 98
	REAL_CONSTANT  shift 66
	CHAR_CONSTANT  shift 67
	IF  shift 68
	WRITE  shift 69
	READ  shift 70
	RETURN  shift 71
	WHILE  shift 72
	'{'  shift 147
	.  error

	sentencia  goto 148
	expression  goto 79
	ifElse  goto 80
	while  goto 81
	cuerpoCondicional  goto 151


state 128
	sentencia : expression '=' expression . ';'  (43)
	expression : expression . '[' expression ']'  (63)
	expression : expression . '.' ID  (67)
	expression : expression . '*' expression  (68)
	expression : expression . '+' expression  (69)
	expression : expression . '%' expression  (70)
	expression : expression . '/' expression  (71)
	expression : expression . '-' expression  (72)
	expression : expression . '>' expression  (73)
	expression : expression . '<' expression  (74)
	expression : expression . LESS_EQUALS expression  (75)
	expression : expression . GREATER_EQUALS expression  (76)
	expression : expression . EQUALS expression  (77)
	expression : expression . DISTINCT expression  (78)
	expression : expression . OR expression  (79)
	expression : expression . AND expression  (80)

	AND  shift 101
	OR  shift 102
	'>'  shift 103
	'<'  shift 104
	LESS_EQUALS  shift 105
	GREATER_EQUALS  shift 106
	EQUALS  shift 107
	DISTINCT  shift 108
	'+'  shift 109
	'-'  shift 110
	'*'  shift 111
	'/'  shift 112
	'%'  shift 113
	'.'  shift 114
	'['  shift 115
	';'  shift 152
	.  error


state 129
	expression : expression . '[' expression ']'  (63)
	expression : expression . '.' ID  (67)
	expression : expression . '*' expression  (68)
	expression : expression . '+' expression  (69)
	expression : expression . '%' expression  (70)
	expression : expression . '/' expression  (71)
	expression : expression . '-' expression  (72)
	expression : expression . '>' expression  (73)
	expression : expression . '<' expression  (74)
	expression : expression . LESS_EQUALS expression  (75)
	expression : expression . GREATER_EQUALS expression  (76)
	expression : expression . EQUALS expression  (77)
	expression : expression . DISTINCT expression  (78)
	expression : expression . OR expression  (79)
	expression : expression . AND expression  (80)
	expression : expression AND expression .  (80)

	'>'  shift 103
	'<'  shift 104
	LESS_EQUALS  shift 105
	GREATER_EQUALS  shift 106
	EQUALS  shift 107
	DISTINCT  shift 108
	'+'  shift 109
	'-'  shift 110
	'*'  shift 111
	'/'  shift 112
	'%'  shift 113
	'.'  shift 114
	'['  shift 115
	'='  reduce 80
	AND  reduce 80
	OR  reduce 80
	']'  reduce 80
	')'  reduce 80
	':'  reduce 80
	';'  reduce 80
	','  reduce 80


state 130
	expression : expression . '[' expression ']'  (63)
	expression : expression . '.' ID  (67)
	expression : expression . '*' expression  (68)
	expression : expression . '+' expression  (69)
	expression : expression . '%' expression  (70)
	expression : expression . '/' expression  (71)
	expression : expression . '-' expression  (72)
	expression : expression . '>' expression  (73)
	expression : expression . '<' expression  (74)
	expression : expression . LESS_EQUALS expression  (75)
	expression : expression . GREATER_EQUALS expression  (76)
	expression : expression . EQUALS expression  (77)
	expression : expression . DISTINCT expression  (78)
	expression : expression . OR expression  (79)
	expression : expression OR expression .  (79)
	expression : expression . AND expression  (80)

	'>'  shift 103
	'<'  shift 104
	LESS_EQUALS  shift 105
	GREATER_EQUALS  shift 106
	EQUALS  shift 107
	DISTINCT  shift 108
	'+'  shift 109
	'-'  shift 110
	'*'  shift 111
	'/'  shift 112
	'%'  shift 113
	'.'  shift 114
	'['  shift 115
	'='  reduce 79
	AND  reduce 79
	OR  reduce 79
	']'  reduce 79
	')'  reduce 79
	':'  reduce 79
	';'  reduce 79
	','  reduce 79


state 131
	expression : expression . '[' expression ']'  (63)
	expression : expression . '.' ID  (67)
	expression : expression . '*' expression  (68)
	expression : expression . '+' expression  (69)
	expression : expression . '%' expression  (70)
	expression : expression . '/' expression  (71)
	expression : expression . '-' expression  (72)
	expression : expression . '>' expression  (73)
	expression : expression '>' expression .  (73)
	expression : expression . '<' expression  (74)
	expression : expression . LESS_EQUALS expression  (75)
	expression : expression . GREATER_EQUALS expression  (76)
	expression : expression . EQUALS expression  (77)
	expression : expression . DISTINCT expression  (78)
	expression : expression . OR expression  (79)
	expression : expression . AND expression  (80)

	'+'  shift 109
	'-'  shift 110
	'*'  shift 111
	'/'  shift 112
	'%'  shift 113
	'.'  shift 114
	'['  shift 115
	'='  reduce 73
	AND  reduce 73
	OR  reduce 73
	'>'  reduce 73
	'<'  reduce 73
	LESS_EQUALS  reduce 73
	GREATER_EQUALS  reduce 73
	EQUALS  reduce 73
	DISTINCT  reduce 73
	']'  reduce 73
	')'  reduce 73
	':'  reduce 73
	';'  reduce 73
	','  reduce 73


state 132
	expression : expression . '[' expression ']'  (63)
	expression : expression . '.' ID  (67)
	expression : expression . '*' expression  (68)
	expression : expression . '+' expression  (69)
	expression : expression . '%' expression  (70)
	expression : expression . '/' expression  (71)
	expression : expression . '-' expression  (72)
	expression : expression . '>' expression  (73)
	expression : expression . '<' expression  (74)
	expression : expression '<' expression .  (74)
	expression : expression . LESS_EQUALS expression  (75)
	expression : expression . GREATER_EQUALS expression  (76)
	expression : expression . EQUALS expression  (77)
	expression : expression . DISTINCT expression  (78)
	expression : expression . OR expression  (79)
	expression : expression . AND expression  (80)

	'+'  shift 109
	'-'  shift 110
	'*'  shift 111
	'/'  shift 112
	'%'  shift 113
	'.'  shift 114
	'['  shift 115
	'='  reduce 74
	AND  reduce 74
	OR  reduce 74
	'>'  reduce 74
	'<'  reduce 74
	LESS_EQUALS  reduce 74
	GREATER_EQUALS  reduce 74
	EQUALS  reduce 74
	DISTINCT  reduce 74
	']'  reduce 74
	')'  reduce 74
	':'  reduce 74
	';'  reduce 74
	','  reduce 74


state 133
	expression : expression . '[' expression ']'  (63)
	expression : expression . '.' ID  (67)
	expression : expression . '*' expression  (68)
	expression : expression . '+' expression  (69)
	expression : expression . '%' expression  (70)
	expression : expression . '/' expression  (71)
	expression : expression . '-' expression  (72)
	expression : expression . '>' expression  (73)
	expression : expression . '<' expression  (74)
	expression : expression . LESS_EQUALS expression  (75)
	expression : expression LESS_EQUALS expression .  (75)
	expression : expression . GREATER_EQUALS expression  (76)
	expression : expression . EQUALS expression  (77)
	expression : expression . DISTINCT expression  (78)
	expression : expression . OR expression  (79)
	expression : expression . AND expression  (80)

	'+'  shift 109
	'-'  shift 110
	'*'  shift 111
	'/'  shift 112
	'%'  shift 113
	'.'  shift 114
	'['  shift 115
	'='  reduce 75
	AND  reduce 75
	OR  reduce 75
	'>'  reduce 75
	'<'  reduce 75
	LESS_EQUALS  reduce 75
	GREATER_EQUALS  reduce 75
	EQUALS  reduce 75
	DISTINCT  reduce 75
	']'  reduce 75
	')'  reduce 75
	':'  reduce 75
	';'  reduce 75
	','  reduce 75


state 134
	expression : expression . '[' expression ']'  (63)
	expression : expression . '.' ID  (67)
	expression : expression . '*' expression  (68)
	expression : expression . '+' expression  (69)
	expression : expression . '%' expression  (70)
	expression : expression . '/' expression  (71)
	expression : expression . '-' expression  (72)
	expression : expression . '>' expression  (73)
	expression : expression . '<' expression  (74)
	expression : expression . LESS_EQUALS expression  (75)
	expression : expression . GREATER_EQUALS expression  (76)
	expression : expression GREATER_EQUALS expression .  (76)
	expression : expression . EQUALS expression  (77)
	expression : expression . DISTINCT expression  (78)
	expression : expression . OR expression  (79)
	expression : expression . AND expression  (80)

	'+'  shift 109
	'-'  shift 110
	'*'  shift 111
	'/'  shift 112
	'%'  shift 113
	'.'  shift 114
	'['  shift 115
	'='  reduce 76
	AND  reduce 76
	OR  reduce 76
	'>'  reduce 76
	'<'  reduce 76
	LESS_EQUALS  reduce 76
	GREATER_EQUALS  reduce 76
	EQUALS  reduce 76
	DISTINCT  reduce 76
	']'  reduce 76
	')'  reduce 76
	':'  reduce 76
	';'  reduce 76
	','  reduce 76


state 135
	expression : expression . '[' expression ']'  (63)
	expression : expression . '.' ID  (67)
	expression : expression . '*' expression  (68)
	expression : expression . '+' expression  (69)
	expression : expression . '%' expression  (70)
	expression : expression . '/' expression  (71)
	expression : expression . '-' expression  (72)
	expression : expression . '>' expression  (73)
	expression : expression . '<' expression  (74)
	expression : expression . LESS_EQUALS expression  (75)
	expression : expression . GREATER_EQUALS expression  (76)
	expression : expression . EQUALS expression  (77)
	expression : expression EQUALS expression .  (77)
	expression : expression . DISTINCT expression  (78)
	expression : expression . OR expression  (79)
	expression : expression . AND expression  (80)

	'+'  shift 109
	'-'  shift 110
	'*'  shift 111
	'/'  shift 112
	'%'  shift 113
	'.'  shift 114
	'['  shift 115
	'='  reduce 77
	AND  reduce 77
	OR  reduce 77
	'>'  reduce 77
	'<'  reduce 77
	LESS_EQUALS  reduce 77
	GREATER_EQUALS  reduce 77
	EQUALS  reduce 77
	DISTINCT  reduce 77
	']'  reduce 77
	')'  reduce 77
	':'  reduce 77
	';'  reduce 77
	','  reduce 77


state 136
	expression : expression . '[' expression ']'  (63)
	expression : expression . '.' ID  (67)
	expression : expression . '*' expression  (68)
	expression : expression . '+' expression  (69)
	expression : expression . '%' expression  (70)
	expression : expression . '/' expression  (71)
	expression : expression . '-' expression  (72)
	expression : expression . '>' expression  (73)
	expression : expression . '<' expression  (74)
	expression : expression . LESS_EQUALS expression  (75)
	expression : expression . GREATER_EQUALS expression  (76)
	expression : expression . EQUALS expression  (77)
	expression : expression . DISTINCT expression  (78)
	expression : expression DISTINCT expression .  (78)
	expression : expression . OR expression  (79)
	expression : expression . AND expression  (80)

	'+'  shift 109
	'-'  shift 110
	'*'  shift 111
	'/'  shift 112
	'%'  shift 113
	'.'  shift 114
	'['  shift 115
	'='  reduce 78
	AND  reduce 78
	OR  reduce 78
	'>'  reduce 78
	'<'  reduce 78
	LESS_EQUALS  reduce 78
	GREATER_EQUALS  reduce 78
	EQUALS  reduce 78
	DISTINCT  reduce 78
	']'  reduce 78
	')'  reduce 78
	':'  reduce 78
	';'  reduce 78
	','  reduce 78


state 137
	expression : expression . '[' expression ']'  (63)
	expression : expression . '.' ID  (67)
	expression : expression . '*' expression  (68)
	expression : expression . '+' expression  (69)
	expression : expression '+' expression .  (69)
	expression : expression . '%' expression  (70)
	expression : expression . '/' expression  (71)
	expression : expression . '-' expression  (72)
	expression : expression . '>' expression  (73)
	expression : expression . '<' expression  (74)
	expression : expression . LESS_EQUALS expression  (75)
	expression : expression . GREATER_EQUALS expression  (76)
	expression : expression . EQUALS expression  (77)
	expression : expression . DISTINCT expression  (78)
	expression : expression . OR expression  (79)
	expression : expression . AND expression  (80)

	'*'  shift 111
	'/'  shift 112
	'%'  shift 113
	'.'  shift 114
	'['  shift 115
	'='  reduce 69
	AND  reduce 69
	OR  reduce 69
	'>'  reduce 69
	'<'  reduce 69
	LESS_EQUALS  reduce 69
	GREATER_EQUALS  reduce 69
	EQUALS  reduce 69
	DISTINCT  reduce 69
	'+'  reduce 69
	'-'  reduce 69
	']'  reduce 69
	')'  reduce 69
	':'  reduce 69
	';'  reduce 69
	','  reduce 69


state 138
	expression : expression . '[' expression ']'  (63)
	expression : expression . '.' ID  (67)
	expression : expression . '*' expression  (68)
	expression : expression . '+' expression  (69)
	expression : expression . '%' expression  (70)
	expression : expression . '/' expression  (71)
	expression : expression . '-' expression  (72)
	expression : expression '-' expression .  (72)
	expression : expression . '>' expression  (73)
	expression : expression . '<' expression  (74)
	expression : expression . LESS_EQUALS expression  (75)
	expression : expression . GREATER_EQUALS expression  (76)
	expression : expression . EQUALS expression  (77)
	expression : expression . DISTINCT expression  (78)
	expression : expression . OR expression  (79)
	expression : expression . AND expression  (80)

	'*'  shift 111
	'/'  shift 112
	'%'  shift 113
	'.'  shift 114
	'['  shift 115
	'='  reduce 72
	AND  reduce 72
	OR  reduce 72
	'>'  reduce 72
	'<'  reduce 72
	LESS_EQUALS  reduce 72
	GREATER_EQUALS  reduce 72
	EQUALS  reduce 72
	DISTINCT  reduce 72
	'+'  reduce 72
	'-'  reduce 72
	']'  reduce 72
	')'  reduce 72
	':'  reduce 72
	';'  reduce 72
	','  reduce 72


state 139
	expression : expression . '[' expression ']'  (63)
	expression : expression . '.' ID  (67)
	expression : expression . '*' expression  (68)
	expression : expression '*' expression .  (68)
	expression : expression . '+' expression  (69)
	expression : expression . '%' expression  (70)
	expression : expression . '/' expression  (71)
	expression : expression . '-' expression  (72)
	expression : expression . '>' expression  (73)
	expression : expression . '<' expression  (74)
	expression : expression . LESS_EQUALS expression  (75)
	expression : expression . GREATER_EQUALS expression  (76)
	expression : expression . EQUALS expression  (77)
	expression : expression . DISTINCT expression  (78)
	expression : expression . OR expression  (79)
	expression : expression . AND expression  (80)

	'.'  shift 114
	'['  shift 115
	'='  reduce 68
	AND  reduce 68
	OR  reduce 68
	'>'  reduce 68
	'<'  reduce 68
	LESS_EQUALS  reduce 68
	GREATER_EQUALS  reduce 68
	EQUALS  reduce 68
	DISTINCT  reduce 68
	'+'  reduce 68
	'-'  reduce 68
	'*'  reduce 68
	'/'  reduce 68
	'%'  reduce 68
	']'  reduce 68
	')'  reduce 68
	':'  reduce 68
	';'  reduce 68
	','  reduce 68


state 140
	expression : expression . '[' expression ']'  (63)
	expression : expression . '.' ID  (67)
	expression : expression . '*' expression  (68)
	expression : expression . '+' expression  (69)
	expression : expression . '%' expression  (70)
	expression : expression . '/' expression  (71)
	expression : expression '/' expression .  (71)
	expression : expression . '-' expression  (72)
	expression : expression . '>' expression  (73)
	expression : expression . '<' expression  (74)
	expression : expression . LESS_EQUALS expression  (75)
	expression : expression . GREATER_EQUALS expression  (76)
	expression : expression . EQUALS expression  (77)
	expression : expression . DISTINCT expression  (78)
	expression : expression . OR expression  (79)
	expression : expression . AND expression  (80)

	'.'  shift 114
	'['  shift 115
	'='  reduce 71
	AND  reduce 71
	OR  reduce 71
	'>'  reduce 71
	'<'  reduce 71
	LESS_EQUALS  reduce 71
	GREATER_EQUALS  reduce 71
	EQUALS  reduce 71
	DISTINCT  reduce 71
	'+'  reduce 71
	'-'  reduce 71
	'*'  reduce 71
	'/'  reduce 71
	'%'  reduce 71
	']'  reduce 71
	')'  reduce 71
	':'  reduce 71
	';'  reduce 71
	','  reduce 71


state 141
	expression : expression . '[' expression ']'  (63)
	expression : expression . '.' ID  (67)
	expression : expression . '*' expression  (68)
	expression : expression . '+' expression  (69)
	expression : expression . '%' expression  (70)
	expression : expression '%' expression .  (70)
	expression : expression . '/' expression  (71)
	expression : expression . '-' expression  (72)
	expression : expression . '>' expression  (73)
	expression : expression . '<' expression  (74)
	expression : expression . LESS_EQUALS expression  (75)
	expression : expression . GREATER_EQUALS expression  (76)
	expression : expression . EQUALS expression  (77)
	expression : expression . DISTINCT expression  (78)
	expression : expression . OR expression  (79)
	expression : expression . AND expression  (80)

	'.'  shift 114
	'['  shift 115
	'='  reduce 70
	AND  reduce 70
	OR  reduce 70
	'>'  reduce 70
	'<'  reduce 70
	LESS_EQUALS  reduce 70
	GREATER_EQUALS  reduce 70
	EQUALS  reduce 70
	DISTINCT  reduce 70
	'+'  reduce 70
	'-'  reduce 70
	'*'  reduce 70
	'/'  reduce 70
	'%'  reduce 70
	']'  reduce 70
	')'  reduce 70
	':'  reduce 70
	';'  reduce 70
	','  reduce 70


state 142
	expression : expression '.' ID .  (67)

	.  reduce 67


state 143
	expression : expression . '[' expression ']'  (63)
	expression : expression '[' expression . ']'  (63)
	expression : expression . '.' ID  (67)
	expression : expression . '*' expression  (68)
	expression : expression . '+' expression  (69)
	expression : expression . '%' expression  (70)
	expression : expression . '/' expression  (71)
	expression : expression . '-' expression  (72)
	expression : expression . '>' expression  (73)
	expression : expression . '<' expression  (74)
	expression : expression . LESS_EQUALS expression  (75)
	expression : expression . GREATER_EQUALS expression  (76)
	expression : expression . EQUALS expression  (77)
	expression : expression . DISTINCT expression  (78)
	expression : expression . OR expression  (79)
	expression : expression . AND expression  (80)

	AND  shift 101
	OR  shift 102
	'>'  shift 103
	'<'  shift 104
	LESS_EQUALS  shift 105
	GREATER_EQUALS  shift 106
	EQUALS  shift 107
	DISTINCT  shift 108
	'+'  shift 109
	'-'  shift 110
	'*'  shift 111
	'/'  shift 112
	'%'  shift 113
	'.'  shift 114
	'['  shift 115
	']'  shift 153
	.  error


state 144
	expression : ID '(' expresionesCSOpt . ')'  (61)

	')'  shift 154
	.  error


state 145
	expression : expression . '[' expression ']'  (63)
	expression : '(' tipoSimple ')' expression .  (64)
	expression : expression . '.' ID  (67)
	expression : expression . '*' expression  (68)
	expression : expression . '+' expression  (69)
	expression : expression . '%' expression  (70)
	expression : expression . '/' expression  (71)
	expression : expression . '-' expression  (72)
	expression : expression . '>' expression  (73)
	expression : expression . '<' expression  (74)
	expression : expression . LESS_EQUALS expression  (75)
	expression : expression . GREATER_EQUALS expression  (76)
	expression : expression . EQUALS expression  (77)
	expression : expression . DISTINCT expression  (78)
	expression : expression . OR expression  (79)
	expression : expression . AND expression  (80)

	'.'  shift 114
	'['  shift 115
	'='  reduce 64
	AND  reduce 64
	OR  reduce 64
	'>'  reduce 64
	'<'  reduce 64
	LESS_EQUALS  reduce 64
	GREATER_EQUALS  reduce 64
	EQUALS  reduce 64
	DISTINCT  reduce 64
	'+'  reduce 64
	'-'  reduce 64
	'*'  reduce 64
	'/'  reduce 64
	'%'  reduce 64
	']'  reduce 64
	')'  reduce 64
	':'  reduce 64
	';'  reduce 64
	','  reduce 64


state 146
	sentencia : ID '(' expresionesCSOpt ')' . ';'  (45)
	expression : ID '(' expresionesCSOpt ')' .  (61)

	';'  shift 155
	'='  reduce 61
	AND  reduce 61
	OR  reduce 61
	'>'  reduce 61
	'<'  reduce 61
	LESS_EQUALS  reduce 61
	GREATER_EQUALS  reduce 61
	EQUALS  reduce 61
	DISTINCT  reduce 61
	'+'  reduce 61
	'-'  reduce 61
	'*'  reduce 61
	'/'  reduce 61
	'%'  reduce 61
	'.'  reduce 61
	'['  reduce 61


state 147
	cuerpoCondicional : '{' . sentenciasOpt '}'  (52)
	sentenciasOpt : .  (37)

	'-'  shift 61
	'!'  shift 62
	'('  shift 63
	INT_CONSTANT  shift 64
	ID  shift 98
	REAL_CONSTANT  shift 66
	CHAR_CONSTANT  shift 67
	IF  shift 68
	WRITE  shift 69
	READ  shift 70
	RETURN  shift 71
	WHILE  shift 72
	'}'  reduce 37

	sentenciasOpt  goto 156
	sentencias  goto 77
	sentencia  goto 78
	expression  goto 79
	ifElse  goto 80
	while  goto 81


state 148
	cuerpoCondicional : sentencia .  (51)

	.  reduce 51


state 149
	ifElse : IF expression ':' cuerpoCondicional .  (48)
	ifElse : IF expression ':' cuerpoCondicional . ELSE cuerpoCondicional  (49)

	ELSE  shift 157
	'-'  reduce 48
	'!'  reduce 48
	'('  reduce 48
	INT_CONSTANT  reduce 48
	ID  reduce 48
	REAL_CONSTANT  reduce 48
	CHAR_CONSTANT  reduce 48
	IF  reduce 48
	WRITE  reduce 48
	READ  reduce 48
	RETURN  reduce 48
	WHILE  reduce 48
	'}'  reduce 48


state 150
	expresionesCS : expresionesCS ',' expression .  (56)
	expression : expression . '[' expression ']'  (63)
	expression : expression . '.' ID  (67)
	expression : expression . '*' expression  (68)
	expression : expression . '+' expression  (69)
	expression : expression . '%' expression  (70)
	expression : expression . '/' expression  (71)
	expression : expression . '-' expression  (72)
	expression : expression . '>' expression  (73)
	expression : expression . '<' expression  (74)
	expression : expression . LESS_EQUALS expression  (75)
	expression : expression . GREATER_EQUALS expression  (76)
	expression : expression . EQUALS expression  (77)
	expression : expression . DISTINCT expression  (78)
	expression : expression . OR expression  (79)
	expression : expression . AND expression  (80)

	AND  shift 101
	OR  shift 102
	'>'  shift 103
	'<'  shift 104
	LESS_EQUALS  shift 105
	GREATER_EQUALS  shift 106
	EQUALS  shift 107
	DISTINCT  shift 108
	'+'  shift 109
	'-'  shift 110
	'*'  shift 111
	'/'  shift 112
	'%'  shift 113
	'.'  shift 114
	'['  shift 115
	')'  reduce 56
	';'  reduce 56
	','  reduce 56


state 151
	while : WHILE expression ':' cuerpoCondicional .  (50)

	.  reduce 50


state 152
	sentencia : expression '=' expression ';' .  (43)

	.  reduce 43


state 153
	expression : expression '[' expression ']' .  (63)

	.  reduce 63


state 154
	expression : ID '(' expresionesCSOpt ')' .  (61)

	.  reduce 61


state 155
	sentencia : ID '(' expresionesCSOpt ')' ';' .  (45)

	.  reduce 45


state 156
	cuerpoCondicional : '{' sentenciasOpt . '}'  (52)

	'}'  shift 158
	.  error


state 157
	ifElse : IF expression ':' cuerpoCondicional ELSE . cuerpoCondicional  (49)

	'-'  shift 61
	'!'  shift 62
	'('  shift 63
	INT_CONSTANT  shift 64
	ID  shift 98
	REAL_CONSTANT  shift 66
	CHAR_CONSTANT  shift 67
	IF  shift 68
	WRITE  shift 69
	READ  shift 70
	RETURN  shift 71
	WHILE  shift 72
	'{'  shift 147
	.  error

	sentencia  goto 148
	expression  goto 79
	ifElse  goto 80
	while  goto 81
	cuerpoCondicional  goto 159


state 158
	cuerpoCondicional : '{' sentenciasOpt '}' .  (52)

	.  reduce 52


state 159
	ifElse : IF expression ':' cuerpoCondicional ELSE cuerpoCondicional .  (49)

	.  reduce 49


47 terminals, 31 nonterminals
81 grammar rules, 160 states
